v ATLAS
# This file was created by ATLAS version 5.28.1.R on Fri Oct 25 10:45:35 2024.
#SSF 2.0 generic
##############################################################################
#                    Copyright (c) 1984 - 2019                               #
#                    Silvaco Inc. All rights reserved                        #
#                                                                            #
# This file format and the following Key are copyright Silvaco Inc.          #
# You may not use, this format or key without reproducing this message in    #
# full and obtaining express written permission from Silvaco Inc.            #
#                                                                            #
# To obtain such permission please contact: Silvaco Inc.                     #
#                                           support@silvaco.com              #
#                                                                            #
# KEY=SVC86hn7562asdx                       PROD=345                         #
##############################################################################
y 3 700 711 15
z 0.5 0.00375 300
f 3 "source" "drain" "gate" 
p 9 2 601 20 3 602 21 4 603 22 
d 0.000000000e+000 0.000000000e+000 -3.866839279e-014 0.000000000e+000 0.000000000e+000 1.424619931e-014 0.000000000e+000 0.000000000e+000 6.207465346e-023 
d 0.000000000e+000 0.000000000e+000 -5.867464801e-006 5.000000000e-003 5.000000000e-003 5.881778005e-006 0.000000000e+000 0.000000000e+000 -1.431306769e-008 
d 0.000000000e+000 0.000000000e+000 -1.172873796e-005 1.000000000e-002 1.000000000e-002 1.175717306e-005 0.000000000e+000 0.000000000e+000 -2.843503982e-008 
d 0.000000000e+000 0.000000000e+000 -2.342522138e-005 2.000000000e-002 2.000000000e-002 2.348141338e-005 0.000000000e+000 0.000000000e+000 -5.619180784e-008 
d 0.000000000e+000 0.000000000e+000 -5.817306387e-005 5.000000000e-002 5.000000000e-002 5.830949737e-005 0.000000000e+000 0.000000000e+000 -1.364335435e-007 
d 0.000000000e+000 0.000000000e+000 -1.141022937e-004 1.000000000e-001 1.000000000e-001 1.143602069e-004 0.000000000e+000 0.000000000e+000 -2.579131389e-007 
d 0.000000000e+000 0.000000000e+000 -2.132236312e-004 2.000000000e-001 2.000000000e-001 2.136395277e-004 0.000000000e+000 0.000000000e+000 -4.158963882e-007 
d 0.000000000e+000 0.000000000e+000 -2.889360032e-004 3.000000000e-001 3.000000000e-001 2.894105280e-004 0.000000000e+000 0.000000000e+000 -4.745248398e-007 
d 0.000000000e+000 0.000000000e+000 -3.375987532e-004 4.000000000e-001 4.000000000e-001 3.380912023e-004 0.000000000e+000 0.000000000e+000 -4.924493201e-007 
d 0.000000000e+000 0.000000000e+000 -3.599097632e-004 5.000000000e-001 5.000000000e-001 3.604072931e-004 0.000000000e+000 0.000000000e+000 -4.975300516e-007 
d 0.000000000e+000 0.000000000e+000 -3.673549271e-004 6.000000000e-001 6.000000000e-001 3.678538412e-004 0.000000000e+000 0.000000000e+000 -4.989141068e-007 
d 0.000000000e+000 0.000000000e+000 -3.715711716e-004 7.000000000e-001 7.000000000e-001 3.720708064e-004 0.000000000e+000 0.000000000e+000 -4.996347574e-007 
d 0.000000000e+000 0.000000000e+000 -3.749277424e-004 8.000000000e-001 8.000000000e-001 3.754279228e-004 0.000000000e+000 0.000000000e+000 -5.001806352e-007 
d 0.000000000e+000 0.000000000e+000 -3.777474547e-004 9.000000000e-001 9.000000000e-001 3.782480762e-004 0.000000000e+000 0.000000000e+000 -5.006215617e-007 
d 0.000000000e+000 0.000000000e+000 -3.801506850e-004 1.000000000e+000 1.000000000e+000 3.806516703e-004 0.000000000e+000 0.000000000e+000 -5.009852531e-007 
d 0.000000000e+000 0.000000000e+000 -3.822781902e-004 1.100000000e+000 1.100000000e+000 3.827794894e-004 0.000000000e+000 0.000000000e+000 -5.012991583e-007 
d 0.000000000e+000 0.000000000e+000 -3.842380618e-004 1.200000000e+000 1.200000000e+000 3.847396450e-004 0.000000000e+000 0.000000000e+000 -5.015829952e-007 
d 0.000000000e+000 0.000000000e+000 -3.860656485e-004 1.300000000e+000 1.300000000e+000 3.865674921e-004 0.000000000e+000 0.000000000e+000 -5.018437230e-007 
d 0.000000000e+000 0.000000000e+000 -3.877656728e-004 1.400000000e+000 1.400000000e+000 3.882677561e-004 0.000000000e+000 0.000000000e+000 -5.020830824e-007 
d 0.000000000e+000 0.000000000e+000 -3.893408869e-004 1.500000000e+000 1.500000000e+000 3.898431892e-004 0.000000000e+000 0.000000000e+000 -5.023022612e-007 
d 0.000000000e+000 0.000000000e+000 -3.908125883e-004 1.600000000e+000 1.600000000e+000 3.913150935e-004 0.000000000e+000 0.000000000e+000 -5.025049600e-007 
d 0.000000000e+000 0.000000000e+000 -3.922087459e-004 1.700000000e+000 1.700000000e+000 3.927114418e-004 0.000000000e+000 0.000000000e+000 -5.026956281e-007 
d 0.000000000e+000 0.000000000e+000 -3.935429659e-004 1.800000000e+000 1.800000000e+000 3.940458424e-004 0.000000000e+000 0.000000000e+000 -5.028764738e-007 
d 0.000000000e+000 0.000000000e+000 -3.948169289e-004 1.900000000e+000 1.900000000e+000 3.953199771e-004 0.000000000e+000 0.000000000e+000 -5.030479180e-007 
d 0.000000000e+000 0.000000000e+000 -3.960296548e-004 2.000000000e+000 2.000000000e+000 3.965328648e-004 0.000000000e+000 0.000000000e+000 -5.032099676e-007 
