v ATLAS
# This file was created by ATLAS version 5.28.1.R on Fri Oct 25 10:46:12 2024.
#SSF 2.0 generic
##############################################################################
#                    Copyright (c) 1984 - 2019                               #
#                    Silvaco Inc. All rights reserved                        #
#                                                                            #
# This file format and the following Key are copyright Silvaco Inc.          #
# You may not use, this format or key without reproducing this message in    #
# full and obtaining express written permission from Silvaco Inc.            #
#                                                                            #
# To obtain such permission please contact: Silvaco Inc.                     #
#                                           support@silvaco.com              #
#                                                                            #
# KEY=SVC86hn7562asdx                       PROD=345                         #
##############################################################################
y 3 700 711 15
z 0.5 0.00375 300
f 3 "source" "drain" "gate" 
p 9 2 601 20 3 602 21 4 603 22 
d 0.000000000e+000 0.000000000e+000 2.900427593e-007 0.000000000e+000 0.000000000e+000 2.215738127e-007 -2.000000000e-001 -2.000000000e-001 -5.116164968e-007 
d 0.000000000e+000 0.000000000e+000 -5.163701502e-006 5.000000000e-003 5.000000000e-003 5.675345507e-006 -2.000000000e-001 -2.000000000e-001 -5.116439860e-007 
d 0.000000000e+000 0.000000000e+000 -1.060614525e-005 1.000000000e-002 1.000000000e-002 1.111781118e-005 -2.000000000e-001 -2.000000000e-001 -5.116659035e-007 
d 0.000000000e+000 0.000000000e+000 -2.144955050e-005 2.000000000e-002 2.000000000e-002 2.196124574e-005 -2.000000000e-001 -2.000000000e-001 -5.116951868e-007 
d 0.000000000e+000 0.000000000e+000 -5.351136714e-005 5.000000000e-002 5.000000000e-002 5.402306463e-005 -2.000000000e-001 -2.000000000e-001 -5.116973307e-007 
d 0.000000000e+000 0.000000000e+000 -1.044903072e-004 1.000000000e-001 1.000000000e-001 1.050018558e-004 -2.000000000e-001 -2.000000000e-001 -5.115484744e-007 
d 0.000000000e+000 0.000000000e+000 -1.910370916e-004 2.000000000e-001 2.000000000e-001 1.915482208e-004 -2.000000000e-001 -2.000000000e-001 -5.111289261e-007 
d 0.000000000e+000 0.000000000e+000 -2.478373958e-004 3.000000000e-001 3.000000000e-001 2.483482059e-004 -2.000000000e-001 -2.000000000e-001 -5.108100366e-007 
d 0.000000000e+000 0.000000000e+000 -2.720194143e-004 4.000000000e-001 4.000000000e-001 2.725300813e-004 -2.000000000e-001 -2.000000000e-001 -5.106670915e-007 
d 0.000000000e+000 0.000000000e+000 -2.792697519e-004 5.000000000e-001 5.000000000e-001 2.797803810e-004 -2.000000000e-001 -2.000000000e-001 -5.106292629e-007 
d 0.000000000e+000 0.000000000e+000 -2.834404375e-004 6.000000000e-001 6.000000000e-001 2.839510482e-004 -2.000000000e-001 -2.000000000e-001 -5.106105352e-007 
d 0.000000000e+000 0.000000000e+000 -2.868774112e-004 7.000000000e-001 7.000000000e-001 2.873880069e-004 -2.000000000e-001 -2.000000000e-001 -5.105957707e-007 
d 0.000000000e+000 0.000000000e+000 -2.898859428e-004 8.000000000e-001 8.000000000e-001 2.903965262e-004 -2.000000000e-001 -2.000000000e-001 -5.105830698e-007 
d 0.000000000e+000 0.000000000e+000 -2.925704342e-004 9.000000000e-001 9.000000000e-001 2.930810058e-004 -2.000000000e-001 -2.000000000e-001 -5.105718412e-007 
d 0.000000000e+000 0.000000000e+000 -2.949710618e-004 1.000000000e+000 1.000000000e+000 2.954816237e-004 -2.000000000e-001 -2.000000000e-001 -5.105618351e-007 
d 0.000000000e+000 0.000000000e+000 -2.971084362e-004 1.100000000e+000 1.100000000e+000 2.976189890e-004 -2.000000000e-001 -2.000000000e-001 -5.105528950e-007 
d 0.000000000e+000 0.000000000e+000 -2.990518282e-004 1.200000000e+000 1.200000000e+000 2.995623732e-004 -2.000000000e-001 -2.000000000e-001 -5.105447517e-007 
d 0.000000000e+000 0.000000000e+000 -3.008822217e-004 1.300000000e+000 1.300000000e+000 3.013927582e-004 -2.000000000e-001 -2.000000000e-001 -5.105371387e-007 
d 0.000000000e+000 0.000000000e+000 -3.026332402e-004 1.400000000e+000 1.400000000e+000 3.031437698e-004 -2.000000000e-001 -2.000000000e-001 -5.105299377e-007 
d 0.000000000e+000 0.000000000e+000 -3.043146253e-004 1.500000000e+000 1.500000000e+000 3.048251478e-004 -2.000000000e-001 -2.000000000e-001 -5.105231008e-007 
d 0.000000000e+000 0.000000000e+000 -3.059284733e-004 1.600000000e+000 1.600000000e+000 3.064389899e-004 -2.000000000e-001 -2.000000000e-001 -5.105166038e-007 
d 0.000000000e+000 0.000000000e+000 -3.074720081e-004 1.700000000e+000 1.700000000e+000 3.079825178e-004 -2.000000000e-001 -2.000000000e-001 -5.105104386e-007 
d 0.000000000e+000 0.000000000e+000 -3.089384442e-004 1.800000000e+000 1.800000000e+000 3.094489491e-004 -2.000000000e-001 -2.000000000e-001 -5.105046101e-007 
d 0.000000000e+000 0.000000000e+000 -3.103251003e-004 1.900000000e+000 1.900000000e+000 3.108355994e-004 -2.000000000e-001 -2.000000000e-001 -5.104991114e-007 
d 0.000000000e+000 0.000000000e+000 -3.116462250e-004 2.000000000e+000 2.000000000e+000 3.121567190e-004 -2.000000000e-001 -2.000000000e-001 -5.104938856e-007 
