v ATLAS
# This file was created by ATLAS version 5.28.1.R on Fri Oct 25 10:47:27 2024.
#SSF 2.0 generic
##############################################################################
#                    Copyright (c) 1984 - 2019                               #
#                    Silvaco Inc. All rights reserved                        #
#                                                                            #
# This file format and the following Key are copyright Silvaco Inc.          #
# You may not use, this format or key without reproducing this message in    #
# full and obtaining express written permission from Silvaco Inc.            #
#                                                                            #
# To obtain such permission please contact: Silvaco Inc.                     #
#                                           support@silvaco.com              #
#                                                                            #
# KEY=SVC86hn7562asdx                       PROD=345                         #
##############################################################################
y 3 700 711 15
z 0.5 0.00375 300
f 3 "source" "drain" "gate" 
p 25 40 2 20 3 21 4 22 3000000 2000000 3001000 2001000 3002000 2002000 3000001 2000001 3001001 2001001 3002001 2002001 3000002 2000002 3001002 2001002 3002002 2002002 
Q 3000000 3 "Mhos/um" 
Q 2000000 3 "F/um" 
Q 3001000 3 "Mhos/um" 
Q 2001000 3 "F/um" 
Q 3002000 3 "Mhos/um" 
Q 2002000 3 "F/um" 
Q 3000001 3 "Mhos/um" 
Q 2000001 3 "F/um" 
Q 3001001 3 "Mhos/um" 
Q 2001001 3 "F/um" 
Q 3002001 3 "Mhos/um" 
Q 2002001 3 "F/um" 
Q 3000002 3 "Mhos/um" 
Q 2000002 3 "F/um" 
Q 3001002 3 "Mhos/um" 
Q 2001002 3 "F/um" 
Q 3002002 3 "Mhos/um" 
Q 2002002 3 "F/um" 
d 1.000000000e+006 0.000000000e+000 -3.960296547e-004 2.000000000e+000 3.965328648e-004 0.000000000e+000 -5.032099676e-007 -4.050547110e-004 -5.684646061e-016 4.047192387e-004 -7.914397784e-016 3.354084538e-007 1.359904408e-015 1.183076000e-005 1.376499692e-017 -1.183233385e-005 -7.991341810e-017 1.575286819e-009 6.614842095e-017 3.932238888e-004 5.546996093e-016 -3.928869038e-004 8.713531977e-016 -3.369837407e-007 -1.426052830e-015 
d 1.000000000e+006 0.000000000e+000 -3.549713499e-004 2.000000000e+000 3.554827217e-004 -1.000000000e-001 -5.113713017e-007 -4.375017160e-004 -6.092716339e-016 4.375063102e-004 -8.062096538e-016 -4.665623963e-009 1.415481297e-015 1.276436979e-005 1.571578626e-017 -1.276441680e-005 -8.623850171e-017 -6.359885963e-011 7.052271533e-017 4.247372756e-004 5.935558471e-016 -4.247420050e-004 8.924481595e-016 4.729222854e-009 -1.486004016e-015 
d 1.000000000e+006 0.000000000e+000 -3.116462252e-004 2.000000000e+000 3.121567194e-004 -2.000000000e-001 -5.104938856e-007 -4.525863511e-004 -6.262120178e-016 4.525944889e-004 -8.126362577e-016 -8.272300461e-009 1.438848287e-015 1.295931169e-005 1.690396078e-017 -1.295931950e-005 -8.945838006e-017 -5.115779154e-011 7.255441931e-017 4.396269061e-004 6.093080567e-016 -4.396352291e-004 9.020946409e-016 8.323458267e-009 -1.511402709e-015 
d 1.000000000e+006 0.000000000e+000 -2.673537139e-004 2.000000000e+000 2.678635491e-004 -3.000000000e-001 -5.098353225e-007 -4.583868824e-004 -6.259481452e-016 4.583917558e-004 -7.950582833e-016 -5.052405448e-009 1.421006434e-015 1.336021154e-005 1.799780971e-017 -1.336022931e-005 -9.743175501e-017 -3.029858396e-011 7.943394538e-017 4.450264927e-004 6.079503341e-016 -4.450315759e-004 8.924900439e-016 5.082704046e-009 -1.500440384e-015 
d 1.000000000e+006 0.000000000e+000 -2.229014677e-004 2.000000000e+000 2.234108995e-004 -4.000000000e-001 -5.094313032e-007 -4.561959184e-004 -6.163808665e-016 4.561990481e-004 -7.697065500e-016 -3.154857808e-009 1.386087409e-015 1.349642350e-005 1.894535972e-017 -1.349637419e-005 -1.047027996e-016 -1.935336223e-011 8.575743992e-017 4.426994688e-004 5.974355070e-016 -4.427026438e-004 8.744093488e-016 3.174211169e-009 -1.471844848e-015 
d 1.000000000e+006 0.000000000e+000 -1.790464622e-004 2.000000000e+000 1.795556361e-004 -5.000000000e-001 -5.091745549e-007 -4.464568880e-004 -5.998174140e-016 4.464588775e-004 -7.485443257e-016 -2.041545963e-009 1.348361745e-015 1.308675261e-005 1.935787950e-017 -1.308683884e-005 -1.076343257e-016 -1.305744370e-011 8.827644618e-017 4.333700840e-004 5.804595343e-016 -4.333721382e-004 8.561786524e-016 2.054603408e-009 -1.436638192e-015 
d 1.000000000e+006 0.000000000e+000 -1.364260814e-004 2.000000000e+000 1.369350875e-004 -6.000000000e-001 -5.090062478e-007 -4.303679236e-004 -5.757667812e-016 4.303691678e-004 -7.246442946e-016 -1.354906960e-009 1.300411081e-015 1.238306914e-005 1.941144561e-017 -1.238314413e-005 -1.091324401e-016 -9.342510121e-012 8.972099461e-017 4.179847447e-004 5.563553346e-016 -4.179861086e-004 8.337767377e-016 1.364249472e-009 -1.390132078e-015 
d 1.000000000e+006 0.000000000e+000 -9.570956524e-005 2.000000000e+000 9.621845914e-005 -7.000000000e-001 -5.088935893e-007 -4.059506403e-004 -5.411776461e-016 4.059515031e-004 -6.929068522e-016 -9.123522836e-010 1.234084502e-015 1.138569468e-005 1.909479833e-017 -1.138578488e-005 -1.103101203e-016 -7.194465952e-012 9.121532221e-017 3.945648968e-004 5.220828461e-016 -3.945658164e-004 8.032169771e-016 9.195467516e-010 -1.325299827e-015 
d 1.000000000e+006 0.000000000e+000 -5.804156726e-005 2.000000000e+000 5.855038491e-005 -8.000000000e-001 -5.088176190e-007 -3.647874979e-004 -4.870997213e-016 3.647880992e-004 -6.406429682e-016 -6.111660624e-010 1.127742693e-015 9.909450517e-006 1.818394710e-017 -9.909524753e-006 -1.117418050e-016 -6.194377381e-012 9.355785812e-017 3.548780383e-004 4.689157725e-016 -3.548786556e-004 7.523847776e-016 6.173604411e-010 -1.221300554e-015 
d 1.000000000e+006 0.000000000e+000 -2.601925359e-005 2.000000000e+000 2.652802141e-005 -9.000000000e-001 -5.087676449e-007 -2.825694872e-004 -3.938965871e-016 2.825697852e-004 -5.270840524e-016 -3.824930421e-010 9.209806408e-016 7.432827524e-006 1.611702004e-017 -7.432899732e-006 -1.142811863e-016 -6.422276891e-012 9.816416639e-017 2.751365756e-004 3.777795657e-016 -2.751369647e-004 6.413652424e-016 3.889153199e-010 -1.019144809e-015 
d 1.000000000e+006 0.000000000e+000 -6.119137708e-006 2.000000000e+000 6.627877569e-006 -1.000000000e+000 -5.087394908e-007 -1.128943196e-004 -2.552390920e-016 1.128944981e-004 -2.399680186e-016 -1.680213227e-010 4.952071111e-016 3.131431795e-006 1.250991092e-017 -3.131458356e-006 -1.198625987e-016 -8.556231788e-012 1.073526879e-016 1.097628983e-004 2.427291811e-016 -1.097630747e-004 3.598306170e-016 1.765775544e-010 -6.025597988e-016 
d 1.000000000e+006 0.000000000e+000 -1.442393379e-006 2.000000000e+000 1.951122318e-006 -1.100000000e+000 -5.087284346e-007 -1.296203302e-005 -1.830908544e-016 1.296219785e-005 -3.597455074e-017 -6.206892495e-011 2.190654051e-016 8.252833873e-007 1.071787664e-017 -8.253669486e-007 -1.234018251e-016 -1.001248181e-011 1.126839489e-016 1.213685243e-005 1.723729774e-016 -1.213692445e-005 1.593763761e-016 7.208140665e-011 -3.317493538e-016 
d 1.000000000e+006 0.000000000e+000 -7.983256983e-007 2.000000000e+000 1.307047855e-006 -1.200000000e+000 -5.087221637e-007 -5.008452464e-006 -1.679378081e-016 5.008438540e-006 -1.970324023e-017 -4.758675309e-011 1.876410486e-016 6.971324291e-007 1.049790985e-017 -6.971516074e-007 -1.233223057e-016 -9.972818565e-012 1.128243962e-016 4.311258539e-006 1.574398984e-016 -4.311316091e-006 1.430255464e-016 5.755957175e-011 -3.004654454e-016 
d 1.000000000e+006 0.000000000e+000 -4.094954462e-007 2.000000000e+000 9.182119948e-007 -1.300000000e+000 -5.087166767e-007 -4.132519568e-006 -1.672854406e-016 4.132523168e-006 -1.592736473e-017 -4.248099067e-011 1.832128053e-016 6.440793008e-007 1.062765467e-017 -6.440579315e-007 -1.234761056e-016 -9.878555281e-012 1.128484510e-016 3.488401391e-006 1.566577858e-016 -3.488453751e-006 1.394034705e-016 5.235954596e-011 -2.960612563e-016 
d 1.000000000e+006 0.000000000e+000 -1.142572277e-007 2.000000000e+000 6.229684917e-007 -1.400000000e+000 -5.087116862e-007 -2.831156384e-006 -1.693243434e-016 2.831143705e-006 -7.859749600e-018 -3.753155422e-011 1.771840931e-016 4.705653161e-007 1.096128269e-017 -4.705219445e-007 -1.243796712e-016 -9.921447796e-012 1.134183885e-016 2.360540859e-006 1.583630608e-016 -2.360588314e-006 1.322394208e-016 4.745300206e-011 -2.906024818e-016 
d 1.000000000e+006 0.000000000e+000 6.462441088e-008 2.000000000e+000 4.440829805e-007 -1.500000000e+000 -5.087071699e-007 -1.524828549e-006 -1.718035441e-016 1.524850031e-006 1.189222449e-018 -3.297646469e-011 1.706143214e-016 2.699515948e-007 1.137539671e-017 -2.699671526e-007 -1.255305032e-016 -1.000329043e-011 1.141551066e-016 1.254865461e-006 1.604281472e-016 -1.254908440e-006 1.243412809e-016 4.297975510e-011 -2.847694279e-016 
