v ATLAS
# This file was created by ATLAS version 5.28.1.R on Fri Oct 25 10:46:50 2024.
#SSF 2.0 generic
##############################################################################
#                    Copyright (c) 1984 - 2019                               #
#                    Silvaco Inc. All rights reserved                        #
#                                                                            #
# This file format and the following Key are copyright Silvaco Inc.          #
# You may not use, this format or key without reproducing this message in    #
# full and obtaining express written permission from Silvaco Inc.            #
#                                                                            #
# To obtain such permission please contact: Silvaco Inc.                     #
#                                           support@silvaco.com              #
#                                                                            #
# KEY=SVC86hn7562asdx                       PROD=345                         #
##############################################################################
y 3 700 711 15
z 0.5 0.00375 300
f 3 "source" "drain" "gate" 
p 9 2 601 20 3 602 21 4 603 22 
d 0.000000000e+000 0.000000000e+000 2.855306832e-007 0.000000000e+000 0.000000000e+000 2.244345060e-007 -4.000000000e-001 -4.000000000e-001 -5.099649587e-007 
d 0.000000000e+000 0.000000000e+000 -4.508634230e-006 5.000000000e-003 5.000000000e-003 5.018585218e-006 -4.000000000e-001 -4.000000000e-001 -5.099509341e-007 
d 0.000000000e+000 0.000000000e+000 -9.284062235e-006 1.000000000e-002 1.000000000e-002 9.793999284e-006 -4.000000000e-001 -4.000000000e-001 -5.099371713e-007 
d 0.000000000e+000 0.000000000e+000 -1.876962110e-005 2.000000000e-002 2.000000000e-002 1.927953158e-005 -4.000000000e-001 -4.000000000e-001 -5.099104109e-007 
d 0.000000000e+000 0.000000000e+000 -4.653621843e-005 5.000000000e-002 5.000000000e-002 4.704605446e-005 -4.000000000e-001 -4.000000000e-001 -5.098359347e-007 
d 0.000000000e+000 0.000000000e+000 -8.935971226e-005 1.000000000e-001 1.000000000e-001 8.986944186e-005 -4.000000000e-001 -4.000000000e-001 -5.097294972e-007 
d 0.000000000e+000 0.000000000e+000 -1.536556501e-004 2.000000000e-001 2.000000000e-001 1.541652275e-004 -4.000000000e-001 -4.000000000e-001 -5.095773099e-007 
d 0.000000000e+000 0.000000000e+000 -1.818822143e-004 3.000000000e-001 3.000000000e-001 1.823917212e-004 -4.000000000e-001 -4.000000000e-001 -5.095067493e-007 
d 0.000000000e+000 0.000000000e+000 -1.894673452e-004 4.000000000e-001 4.000000000e-001 1.899768341e-004 -4.000000000e-001 -4.000000000e-001 -5.094887956e-007 
d 0.000000000e+000 0.000000000e+000 -1.934125741e-004 5.000000000e-001 5.000000000e-001 1.939220551e-004 -4.000000000e-001 -4.000000000e-001 -5.094808610e-007 
d 0.000000000e+000 0.000000000e+000 -1.966685462e-004 6.000000000e-001 6.000000000e-001 1.971780210e-004 -4.000000000e-001 -4.000000000e-001 -5.094746250e-007 
d 0.000000000e+000 0.000000000e+000 -1.995516105e-004 7.000000000e-001 7.000000000e-001 2.000610801e-004 -4.000000000e-001 -4.000000000e-001 -5.094692629e-007 
d 0.000000000e+000 0.000000000e+000 -2.021668400e-004 8.000000000e-001 8.000000000e-001 2.026763043e-004 -4.000000000e-001 -4.000000000e-001 -5.094645381e-007 
d 0.000000000e+000 0.000000000e+000 -2.045711256e-004 9.000000000e-001 9.000000000e-001 2.050805857e-004 -4.000000000e-001 -4.000000000e-001 -5.094603243e-007 
d 0.000000000e+000 0.000000000e+000 -2.067952924e-004 1.000000000e+000 1.000000000e+000 2.073047486e-004 -4.000000000e-001 -4.000000000e-001 -5.094565387e-007 
d 0.000000000e+000 0.000000000e+000 -2.088490044e-004 1.100000000e+000 1.100000000e+000 2.093584573e-004 -4.000000000e-001 -4.000000000e-001 -5.094531253e-007 
d 0.000000000e+000 0.000000000e+000 -2.107273522e-004 1.200000000e+000 1.200000000e+000 2.112368023e-004 -4.000000000e-001 -4.000000000e-001 -5.094500436e-007 
d 0.000000000e+000 0.000000000e+000 -2.124520648e-004 1.300000000e+000 1.300000000e+000 2.129615118e-004 -4.000000000e-001 -4.000000000e-001 -5.094472319e-007 
d 0.000000000e+000 0.000000000e+000 -2.140833693e-004 1.400000000e+000 1.400000000e+000 2.145928139e-004 -4.000000000e-001 -4.000000000e-001 -5.094446074e-007 
d 0.000000000e+000 0.000000000e+000 -2.156576553e-004 1.500000000e+000 1.500000000e+000 2.161670975e-004 -4.000000000e-001 -4.000000000e-001 -5.094421232e-007 
d 0.000000000e+000 0.000000000e+000 -2.171863774e-004 1.600000000e+000 1.600000000e+000 2.176958176e-004 -4.000000000e-001 -4.000000000e-001 -5.094397591e-007 
d 0.000000000e+000 0.000000000e+000 -2.186737170e-004 1.700000000e+000 1.700000000e+000 2.191831550e-004 -4.000000000e-001 -4.000000000e-001 -5.094375032e-007 
d 0.000000000e+000 0.000000000e+000 -2.201217638e-004 1.800000000e+000 1.800000000e+000 2.206311992e-004 -4.000000000e-001 -4.000000000e-001 -5.094353462e-007 
d 0.000000000e+000 0.000000000e+000 -2.215312887e-004 1.900000000e+000 1.900000000e+000 2.220407222e-004 -4.000000000e-001 -4.000000000e-001 -5.094332811e-007 
d 0.000000000e+000 0.000000000e+000 -2.229014451e-004 2.000000000e+000 2.000000000e+000 2.234108760e-004 -4.000000000e-001 -4.000000000e-001 -5.094313032e-007 
